[debug] [2022-09-26T03:28:38.258Z] ----------------------------------------------------------------------
[debug] [2022-09-26T03:28:38.260Z] Command:       /home/gitpod/.nvm/versions/node/v16.17.0/bin/node /home/gitpod/.nvm/versions/node/v16.17.0/bin/firebase deploy --only functions
[debug] [2022-09-26T03:28:38.260Z] CLI Version:   11.10.0
[debug] [2022-09-26T03:28:38.260Z] Platform:      linux
[debug] [2022-09-26T03:28:38.260Z] Node Version:  v16.17.0
[debug] [2022-09-26T03:28:38.261Z] Time:          Mon Sep 26 2022 03:28:38 GMT+0000 (Coordinated Universal Time)
[debug] [2022-09-26T03:28:38.261Z] ----------------------------------------------------------------------
[debug] 
[debug] [2022-09-26T03:28:38.324Z] > command requires scopes: ["email","openid","https://www.googleapis.com/auth/cloudplatformprojects.readonly","https://www.googleapis.com/auth/firebase","https://www.googleapis.com/auth/cloud-platform"]
[debug] [2022-09-26T03:28:38.324Z] > authorizing via signed-in user (gcabezal@meisterveda.com)
[debug] [2022-09-26T03:28:38.325Z] [iam] checking project meisterveda-portfolio for permissions ["cloudfunctions.functions.create","cloudfunctions.functions.delete","cloudfunctions.functions.get","cloudfunctions.functions.list","cloudfunctions.functions.update","cloudfunctions.operations.get","firebase.projects.get"]
[debug] [2022-09-26T03:28:38.327Z] >>> [apiv2][query] POST https://cloudresourcemanager.googleapis.com/v1/projects/meisterveda-portfolio:testIamPermissions [none]
[debug] [2022-09-26T03:28:38.327Z] >>> [apiv2][(partial)header] POST https://cloudresourcemanager.googleapis.com/v1/projects/meisterveda-portfolio:testIamPermissions x-goog-quota-user=projects/meisterveda-portfolio
[debug] [2022-09-26T03:28:38.327Z] >>> [apiv2][body] POST https://cloudresourcemanager.googleapis.com/v1/projects/meisterveda-portfolio:testIamPermissions {"permissions":["cloudfunctions.functions.create","cloudfunctions.functions.delete","cloudfunctions.functions.get","cloudfunctions.functions.list","cloudfunctions.functions.update","cloudfunctions.operations.get","firebase.projects.get"]}
[debug] [2022-09-26T03:28:38.400Z] <<< [apiv2][status] POST https://cloudresourcemanager.googleapis.com/v1/projects/meisterveda-portfolio:testIamPermissions 200
[debug] [2022-09-26T03:28:38.400Z] <<< [apiv2][body] POST https://cloudresourcemanager.googleapis.com/v1/projects/meisterveda-portfolio:testIamPermissions {"permissions":["cloudfunctions.functions.create","cloudfunctions.functions.delete","cloudfunctions.functions.get","cloudfunctions.functions.list","cloudfunctions.functions.update","cloudfunctions.operations.get","firebase.projects.get"]}
[debug] [2022-09-26T03:28:38.400Z] >>> [apiv2][query] POST https://iam.googleapis.com/v1/projects/meisterveda-portfolio/serviceAccounts/meisterveda-portfolio@appspot.gserviceaccount.com:testIamPermissions [none]
[debug] [2022-09-26T03:28:38.400Z] >>> [apiv2][body] POST https://iam.googleapis.com/v1/projects/meisterveda-portfolio/serviceAccounts/meisterveda-portfolio@appspot.gserviceaccount.com:testIamPermissions {"permissions":["iam.serviceAccounts.actAs"]}
[debug] [2022-09-26T03:28:38.470Z] <<< [apiv2][status] POST https://iam.googleapis.com/v1/projects/meisterveda-portfolio/serviceAccounts/meisterveda-portfolio@appspot.gserviceaccount.com:testIamPermissions 200
[debug] [2022-09-26T03:28:38.470Z] <<< [apiv2][body] POST https://iam.googleapis.com/v1/projects/meisterveda-portfolio/serviceAccounts/meisterveda-portfolio@appspot.gserviceaccount.com:testIamPermissions {"permissions":["iam.serviceAccounts.actAs"]}
[info] 
[info] === Deploying to 'meisterveda-portfolio'...
[info] 
[info] i  deploying functions 
[info] Running command: npm --prefix "$RESOURCE_DIR" run lint
[info] Running command: npm --prefix "$RESOURCE_DIR" run build
[debug] [2022-09-26T03:29:04.993Z] ----------------------------------------------------------------------
[debug] [2022-09-26T03:29:04.995Z] Command:       /home/gitpod/.nvm/versions/node/v16.17.0/bin/node /home/gitpod/.nvm/versions/node/v16.17.0/bin/firebase emulators:start --only functions
[debug] [2022-09-26T03:29:04.995Z] CLI Version:   11.10.0
[debug] [2022-09-26T03:29:04.995Z] Platform:      linux
[debug] [2022-09-26T03:29:04.995Z] Node Version:  v16.17.0
[debug] [2022-09-26T03:29:04.996Z] Time:          Mon Sep 26 2022 03:29:04 GMT+0000 (Coordinated Universal Time)
[debug] [2022-09-26T03:29:04.996Z] ----------------------------------------------------------------------
[debug] 
[debug] [2022-09-26T03:29:05.060Z] > command requires scopes: ["email","openid","https://www.googleapis.com/auth/cloudplatformprojects.readonly","https://www.googleapis.com/auth/firebase","https://www.googleapis.com/auth/cloud-platform"]
[debug] [2022-09-26T03:29:05.061Z] > authorizing via signed-in user (gcabezal@meisterveda.com)
[info] i  emulators: Starting emulators: functions {"metadata":{"emulator":{"name":"hub"},"message":"Starting emulators: functions"}}
[debug] [2022-09-26T03:29:05.085Z] [hub] writing locator at /tmp/hub-meisterveda-portfolio.json
[warn] ⚠  functions: The following emulators are not running, calls to these services from the Functions emulator will affect production: auth, firestore, database, hosting, pubsub, storage, eventarc {"metadata":{"emulator":{"name":"functions"},"message":"The following emulators are not running, calls to these services from the Functions emulator will affect production: \u001b[1mauth, firestore, database, hosting, pubsub, storage, eventarc\u001b[22m"}}
[info] ✔  functions: Using node@16 from host. {"metadata":{"emulator":{"name":"functions"},"message":"Using node@16 from host."}}
[debug] [2022-09-26T03:29:05.107Z] defaultcredentials: writing to file /home/gitpod/.config/firebase/gcabezal_meisterveda_com_application_default_credentials.json
[debug] [2022-09-26T03:29:05.108Z] Setting GAC to /home/gitpod/.config/firebase/gcabezal_meisterveda_com_application_default_credentials.json {"metadata":{"emulator":{"name":"functions"},"message":"Setting GAC to /home/gitpod/.config/firebase/gcabezal_meisterveda_com_application_default_credentials.json"}}
[debug] [2022-09-26T03:29:05.110Z] >>> [apiv2][query] GET https://firebase.googleapis.com/v1beta1/projects/meisterveda-portfolio/adminSdkConfig [none]
[debug] [2022-09-26T03:29:05.269Z] <<< [apiv2][status] GET https://firebase.googleapis.com/v1beta1/projects/meisterveda-portfolio/adminSdkConfig 200
[debug] [2022-09-26T03:29:05.270Z] <<< [apiv2][body] GET https://firebase.googleapis.com/v1beta1/projects/meisterveda-portfolio/adminSdkConfig {"projectId":"meisterveda-portfolio","storageBucket":"meisterveda-portfolio.appspot.com","locationId":"us-central"}
[info] i  ui: downloading ui-v1.9.0.zip... {"metadata":{"emulator":{"name":"ui"},"message":"downloading ui-v1.9.0.zip..."}}
[debug] [2022-09-26T03:29:05.299Z] >>> [apiv2][query] GET https://storage.googleapis.com/firebase-preview-drop/emulator/ui-v1.9.0.zip 
[debug] [2022-09-26T03:29:05.348Z] <<< [apiv2][status] GET https://storage.googleapis.com/firebase-preview-drop/emulator/ui-v1.9.0.zip 200
[debug] [2022-09-26T03:29:05.348Z] <<< [apiv2][body] GET https://storage.googleapis.com/firebase-preview-drop/emulator/ui-v1.9.0.zip [stream]
[debug] [2022-09-26T03:29:05.582Z] Ignoring unsupported arg: auto_download {"metadata":{"emulator":{"name":"ui"},"message":"Ignoring unsupported arg: auto_download"}}
[debug] [2022-09-26T03:29:05.583Z] Ignoring unsupported arg: port {"metadata":{"emulator":{"name":"ui"},"message":"Ignoring unsupported arg: port"}}
[debug] [2022-09-26T03:29:05.583Z] Starting Emulator UI with command {"binary":"node","args":["/home/gitpod/.cache/firebase/emulators/ui-v1.9.0/server/server.js"],"optionalArgs":[],"joinArgs":false} {"metadata":{"emulator":{"name":"ui"},"message":"Starting Emulator UI with command {\"binary\":\"node\",\"args\":[\"/home/gitpod/.cache/firebase/emulators/ui-v1.9.0/server/server.js\"],\"optionalArgs\":[],\"joinArgs\":false}"}}
[info] i  ui: Emulator UI logging to ui-debug.log {"metadata":{"emulator":{"name":"ui"},"message":"Emulator UI logging to \u001b[1mui-debug.log\u001b[22m"}}
[debug] [2022-09-26T03:29:05.702Z] Web / API server started at localhost:4000
 {"metadata":{"emulator":{"name":"ui"},"message":"Web / API server started at localhost:4000\n"}}
[info] i  functions: Watching "/workspace/portfolio/functions" for Cloud Functions... {"metadata":{"emulator":{"name":"functions"},"message":"Watching \"/workspace/portfolio/functions\" for Cloud Functions..."}}
[debug] [2022-09-26T03:29:05.851Z] Validating nodejs source
[debug] [2022-09-26T03:29:07.471Z] > [functions] package.json contents: {
  "name": "functions",
  "scripts": {
    "lint": "eslint --ext .js,.ts .",
    "build": "tsc",
    "build:watch": "tsc --watch",
    "test": "jest",
    "serve": "yarn run build && firebase emulators:start --only functions",
    "shell": "yarn run build && firebase functions:shell",
    "start": "yarn run shell",
    "deploy": "firebase deploy --only functions",
    "logs": "firebase functions:log"
  },
  "engines": {
    "node": "16"
  },
  "main": "lib/index.js",
  "dependencies": {
    "axios": "^0.27.2",
    "firebase-admin": "^10.0.2",
    "firebase-functions": "^3.18.0"
  },
  "devDependencies": {
    "@types/jest": "^29.0.3",
    "@types/node": "^18.7.21",
    "@types/react": "^18.0.21",
    "@types/react-dom": "^18.0.6",
    "@typescript-eslint/eslint-plugin": "^5.12.0",
    "@typescript-eslint/parser": "^5.12.0",
    "dotenv": "^16.0.2",
    "eslint": "^8.9.0",
    "eslint-config-google": "^0.14.0",
    "eslint-config-prettier": "^8.5.0",
    "eslint-plugin-import": "^2.25.4",
    "eslint-plugin-prettier": "^4.2.1",
    "firebase-functions-test": "^0.2.0",
    "jest": "^29.0.3",
    "ts-jest": "^29.0.2",
    "typescript": "^4.8.3"
  },
  "private": true
}
[debug] [2022-09-26T03:29:07.471Z] Building nodejs source
[debug] [2022-09-26T03:29:07.471Z] Analyzing nodejs backend spec
[debug] [2022-09-26T03:29:07.473Z] Could not find functions.yaml. Must use http discovery
[debug] [2022-09-26T03:29:07.627Z] Serving at port 9005

[debug] [2022-09-26T03:29:07.717Z] Got response from /__/functions.yaml {"endpoints":{"fetchArticle":{"platform":"gcfv1","scheduleTrigger":{"schedule":"45 23 * * 6"},"labels":{},"entryPoint":"fetchArticle"},"fetchProjects":{"platform":"gcfv1","secretEnvironmentVariables":[{"key":"GIT_AUTH_KEY"}],"scheduleTrigger":{"schedule":"every 5 minutes"},"labels":{},"entryPoint":"fetchProjects"}},"specVersion":"v1alpha1","requiredAPIs":[{"api":"cloudscheduler.googleapis.com","reason":"Needed for scheduled functions."}]}
[debug] [2022-09-26T03:29:07.726Z] shutdown requested via /__/quitquitquit

[info] ✔  functions: Loaded functions definitions from source: fetchArticle, fetchProjects. {"metadata":{"emulator":{"name":"functions"},"message":"Loaded functions definitions from source: fetchArticle, fetchProjects."}}
[info] i  functions[us-central1-fetchArticle]: function ignored because the pubsub emulator does not exist or is not running. {"metadata":{"emulator":{"name":"functions"},"message":"function ignored because the pubsub emulator does not exist or is not running."}}
[info] i  functions[us-central1-fetchProjects]: function ignored because the pubsub emulator does not exist or is not running. {"metadata":{"emulator":{"name":"functions"},"message":"function ignored because the pubsub emulator does not exist or is not running."}}
[info] 
┌─────────────────────────────────────────────────────────────┐
│ ✔  All emulators ready! It is now safe to connect your app. │
│ i  View Emulator UI at http://localhost:4000                │
└─────────────────────────────────────────────────────────────┘

┌───────────┬────────────────┬─────────────────────────────────┐
│ Emulator  │ Host:Port      │ View in Emulator UI             │
├───────────┼────────────────┼─────────────────────────────────┤
│ Functions │ localhost:5001 │ http://localhost:4000/functions │
└───────────┴────────────────┴─────────────────────────────────┘
  Emulator Hub running at localhost:4400
  Other reserved ports: 4500

Issues? Report them at https://github.com/firebase/firebase-tools/issues and attach the *-debug.log files.
 
[debug] [2022-09-26T03:31:07.310Z] Functions emulator received unknown request at path /
[debug] [2022-09-26T03:31:08.310Z] Functions emulator received unknown request at path /favicon.ico
