[debug] [2022-09-26T16:17:35.631Z] ----------------------------------------------------------------------
[debug] [2022-09-26T16:17:35.632Z] Command:       /home/gitpod/.nvm/versions/node/v16.17.0/bin/node /home/gitpod/.nvm/versions/node/v16.17.0/bin/firebase login --token 1//06o9azfGLESfsCgYIARAAGAYSNwF-L9IrQSZ0J6e3r5rlZhPumBiyxt7-yHxZriwIzVBSAcTOHLGjQAFU2SsAe0Do9zPt9SoYNGc
[debug] [2022-09-26T16:17:35.633Z] CLI Version:   11.10.0
[debug] [2022-09-26T16:17:35.633Z] Platform:      linux
[debug] [2022-09-26T16:17:35.633Z] Node Version:  v16.17.0
[debug] [2022-09-26T16:17:35.634Z] Time:          Mon Sep 26 2022 16:17:35 GMT+0000 (Coordinated Universal Time)
[debug] [2022-09-26T16:17:35.634Z] ----------------------------------------------------------------------
[debug] 
[debug] [2022-09-26T16:17:35.637Z] >>> [apiv2][query] GET https://firebase-public.firebaseio.com/cli.json [none]
[info] i  Firebase optionally collects CLI and Emulator Suite usage and error reporting information to help improve our products. Data is collected in accordance with Google's privacy policy (https://policies.google.com/privacy) and is not used to identify you.
 
[debug] [2022-09-26T16:17:35.838Z] <<< [apiv2][status] GET https://firebase-public.firebaseio.com/cli.json 200
[debug] [2022-09-26T16:17:35.839Z] <<< [apiv2][body] GET https://firebase-public.firebaseio.com/cli.json {"cloudBuildErrorAfter":1594252800000,"cloudBuildWarnAfter":1590019200000,"defaultNode10After":1594252800000,"minVersion":"3.0.5","node8DeploysDisabledAfter":1613390400000,"node8RuntimeDisabledAfter":1615809600000,"node8WarnAfter":1600128000000}
[debug] [2022-09-27T14:18:39.991Z] ----------------------------------------------------------------------
[debug] [2022-09-27T14:18:39.993Z] Command:       /home/gitpod/.nvm/versions/node/v16.17.0/bin/node /home/gitpod/.nvm/versions/node/v16.17.0/bin/firebase login --token 1//06o9azfGLESfsCgYIARAAGAYSNwF-L9IrQSZ0J6e3r5rlZhPumBiyxt7-yHxZriwIzVBSAcTOHLGjQAFU2SsAe0Do9zPt9SoYNGc
[debug] [2022-09-27T14:18:39.994Z] CLI Version:   11.10.0
[debug] [2022-09-27T14:18:39.994Z] Platform:      linux
[debug] [2022-09-27T14:18:39.994Z] Node Version:  v16.17.0
[debug] [2022-09-27T14:18:39.995Z] Time:          Tue Sep 27 2022 14:18:39 GMT+0000 (Coordinated Universal Time)
[debug] [2022-09-27T14:18:39.995Z] ----------------------------------------------------------------------
[debug] 
[debug] [2022-09-27T14:18:39.998Z] >>> [apiv2][query] GET https://firebase-public.firebaseio.com/cli.json [none]
[info] i  Firebase optionally collects CLI and Emulator Suite usage and error reporting information to help improve our products. Data is collected in accordance with Google's privacy policy (https://policies.google.com/privacy) and is not used to identify you.
 
[debug] [2022-09-27T14:18:40.181Z] <<< [apiv2][status] GET https://firebase-public.firebaseio.com/cli.json 200
[debug] [2022-09-27T14:18:40.181Z] <<< [apiv2][body] GET https://firebase-public.firebaseio.com/cli.json {"cloudBuildErrorAfter":1594252800000,"cloudBuildWarnAfter":1590019200000,"defaultNode10After":1594252800000,"minVersion":"3.0.5","node8DeploysDisabledAfter":1613390400000,"node8RuntimeDisabledAfter":1615809600000,"node8WarnAfter":1600128000000}
[debug] [2022-09-27T15:33:21.131Z] ----------------------------------------------------------------------
[debug] [2022-09-27T15:33:21.134Z] Command:       /home/gitpod/.nvm/versions/node/v16.17.0/bin/node /home/gitpod/.nvm/versions/node/v16.17.0/bin/firebase login --token 1//06o9azfGLESfsCgYIARAAGAYSNwF-L9IrQSZ0J6e3r5rlZhPumBiyxt7-yHxZriwIzVBSAcTOHLGjQAFU2SsAe0Do9zPt9SoYNGc
[debug] [2022-09-27T15:33:21.135Z] CLI Version:   11.11.0
[debug] [2022-09-27T15:33:21.135Z] Platform:      linux
[debug] [2022-09-27T15:33:21.135Z] Node Version:  v16.17.0
[debug] [2022-09-27T15:33:21.136Z] Time:          Tue Sep 27 2022 15:33:21 GMT+0000 (Coordinated Universal Time)
[debug] [2022-09-27T15:33:21.136Z] ----------------------------------------------------------------------
[debug] 
[debug] [2022-09-27T15:33:21.143Z] >>> [apiv2][query] GET https://firebase-public.firebaseio.com/cli.json [none]
[info] i  Firebase optionally collects CLI and Emulator Suite usage and error reporting information to help improve our products. Data is collected in accordance with Google's privacy policy (https://policies.google.com/privacy) and is not used to identify you.
 
[debug] [2022-09-27T15:33:21.817Z] <<< [apiv2][status] GET https://firebase-public.firebaseio.com/cli.json 200
[debug] [2022-09-27T15:33:21.823Z] <<< [apiv2][body] GET https://firebase-public.firebaseio.com/cli.json {"cloudBuildErrorAfter":1594252800000,"cloudBuildWarnAfter":1590019200000,"defaultNode10After":1594252800000,"minVersion":"3.0.5","node8DeploysDisabledAfter":1613390400000,"node8RuntimeDisabledAfter":1615809600000,"node8WarnAfter":1600128000000}
[info] 
[info] Visit this URL on this device to log in:
[info] https://accounts.google.com/o/oauth2/auth?client_id=563584335869-fgrhgmd47bqnekij5i8b5pr03ho849e6.apps.googleusercontent.com&scope=email%20openid%20https%3A%2F%2Fwww.googleapis.com%2Fauth%2Fcloudplatformprojects.readonly%20https%3A%2F%2Fwww.googleapis.com%2Fauth%2Ffirebase%20https%3A%2F%2Fwww.googleapis.com%2Fauth%2Fcloud-platform&response_type=code&state=368066029&redirect_uri=http%3A%2F%2Flocalhost%3A9005
[info] 
[info] Waiting for authentication...
